<?xml version="1.0" encoding="UTF-8"?>
<!-- Generated by org.testng.reporters.JUnitXMLReporter -->
<testsuite hostname="Admin-PC" ignored="1" name="Test(failed)" tests="1" failures="0" timestamp="15 Aug 2017 18:36:07 GMT" time="19.839" errors="0">
  <testcase name="chrmBrw" time="19.79" classname="com.web.TestNgRltd.ParallelExc"/>
  <testcase name="fireFoxBrowser" time="0.0" classname="com.web.TestNgRltd.ParallelExc">
    <ignored/>
  </testcase> <!-- fireFoxBrowser -->
</testsuite> <!-- Test(failed) -->
