<?xml version="1.0" encoding="UTF-8"?>
<!-- Generated by org.testng.reporters.JUnitXMLReporter -->
<testsuite hostname="Admin-PC" ignored="0" name="Test" tests="3" failures="1" timestamp="15 Aug 2017 18:35:13 GMT" time="0.087" errors="0">
  <testcase name="excone" time="0.021" classname="com.web.TestNgRltd.FaildtstCase"/>
  <testcase name="excthree" time="0.005" classname="com.web.TestNgRltd.FaildtstCase">
    <failure type="java.lang.AssertionError" message="expected [true] but found [false]">
      <![CDATA[java.lang.AssertionError: expected [true] but found [false]
	at com.web.TestNgRltd.FaildtstCase.excthree(FaildtstCase.java:18)
... Removed 29 stack frames]]>
    </failure>
  </testcase> <!-- excthree -->
  <testcase name="exctwo" time="0.003" classname="com.web.TestNgRltd.FaildtstCase"/>
</testsuite> <!-- Test -->
