<?xml version="1.0" encoding="UTF-8"?>
<!-- Generated by org.testng.reporters.JUnitXMLReporter -->
<testsuite hostname="Admin-PC" ignored="1" name="Group Test" tests="2" failures="0" timestamp="14 Aug 2017 12:01:53 GMT" time="0.147" errors="0">
  <testcase name="combTstMth" time="0.036" classname="com.web.TestNgRltd.GroupExmple"/>
  <testcase name="tstMthTwo" time="0.002" classname="com.web.TestNgRltd.GroupExmple"/>
  <testcase name="tstMthOne" time="0.0" classname="com.web.TestNgRltd.GroupExmple">
    <ignored/>
  </testcase> <!-- tstMthOne -->
</testsuite> <!-- Group Test -->
