<?xml version="1.0" encoding="UTF-8"?>
<testng-results skipped="0" failed="0" ignored="0" total="1" passed="1">
  <reporter-output>
  </reporter-output>
  <suite name="Default suite" duration-ms="71" started-at="2017-08-17T08:13:35Z" finished-at="2017-08-17T08:13:35Z">
    <groups>
    </groups>
    <test name="Default test" duration-ms="71" started-at="2017-08-17T08:13:35Z" finished-at="2017-08-17T08:13:35Z">
      <class name="com.web.JavaRltd.ArrayLstCls">
        <test-method status="PASS" signature="arrayLstMth()[pri:0, instance:com.web.JavaRltd.ArrayLstCls@2344fc66]" name="arrayLstMth" duration-ms="22" started-at="2017-08-17T13:43:35Z" finished-at="2017-08-17T13:43:35Z">
          <reporter-output>
          </reporter-output>
        </test-method> <!-- arrayLstMth -->
      </class> <!-- com.web.JavaRltd.ArrayLstCls -->
    </test> <!-- Default test -->
  </suite> <!-- Default suite -->
</testng-results>
