<?xml version="1.0" encoding="UTF-8"?>
<!-- Generated by org.testng.reporters.JUnitXMLReporter -->
<testsuite hostname="Admin-PC" ignored="2" name="Default test(failed)" tests="1" failures="1" timestamp="15 Aug 2017 18:33:31 GMT" time="0.094" errors="0">
  <testcase name="excthree" time="0.036" classname="com.web.TestNgRltd.FaildtstCase">
    <failure type="java.lang.AssertionError" message="expected [true] but found [false]">
      <![CDATA[java.lang.AssertionError: expected [true] but found [false]
	at com.web.TestNgRltd.FaildtstCase.excthree(FaildtstCase.java:18)
... Removed 29 stack frames]]>
    </failure>
  </testcase> <!-- excthree -->
  <testcase name="exctwo" time="0.0" classname="com.web.TestNgRltd.FaildtstCase">
    <ignored/>
  </testcase> <!-- exctwo -->
  <testcase name="excone" time="0.0" classname="com.web.TestNgRltd.FaildtstCase">
    <ignored/>
  </testcase> <!-- excone -->
</testsuite> <!-- Default test(failed) -->
